::1 - [03/Jul/2026:09:35:51 +0000] "POST /api/login" 200 151.600 ms
::1 - [03/Jul/2026:09:35:55 +0000] "GET /api/profile" 200 6.860 ms
::1 - [03/Jul/2026:09:35:55 +0000] "GET /api/profile" 304 3.915 ms
::1 - [03/Jul/2026:09:36:03 +0000] "POST /api/logout" 404 1.948 ms
::1 - [03/Jul/2026:09:51:07 +0000] "GET /api/coupons" 200 12.042 ms
::1 - [03/Jul/2026:09:51:07 +0000] "GET /api/coupons" 304 4.053 ms
::1 - [03/Jul/2026:09:53:18 +0000] "GET /api/coupons" 304 1.370 ms
::1 - [03/Jul/2026:09:53:18 +0000] "GET /api/coupons" 304 3.276 ms
::1 - [03/Jul/2026:09:53:35 +0000] "GET /api/coupons" 304 3.275 ms
::1 - [03/Jul/2026:09:53:35 +0000] "GET /api/coupons" 304 2.315 ms
::1 - [03/Jul/2026:10:01:08 +0000] "POST /api/upload-multile" 500 18565.603 ms
::1 - [03/Jul/2026:10:05:13 +0000] "POST /api/upload-multile" 200 105.013 ms
::1 - [03/Jul/2026:10:05:55 +0000] "POST /api/upload-multile" 200 26.628 ms
::1 - [03/Jul/2026:14:22:09 +0000] "GET /api/coupons" 200 70.821 ms
::1 - [03/Jul/2026:14:22:09 +0000] "GET /api/coupons" 304 2.414 ms
::1 - [03/Jul/2026:14:23:28 +0000] "GET /api/coupons" 304 1.676 ms
::1 - [03/Jul/2026:14:23:28 +0000] "GET /api/coupons" 304 1.996 ms
::1 - [03/Jul/2026:14:24:35 +0000] "GET /api/coupons" 304 1.761 ms
::1 - [03/Jul/2026:14:24:35 +0000] "GET /api/coupons" 304 2.608 ms
::1 - [03/Jul/2026:14:25:40 +0000] "GET /api/coupons" 304 2.408 ms
::1 - [03/Jul/2026:14:25:40 +0000] "GET /api/coupons" 304 2.299 ms
::1 - [03/Jul/2026:15:14:36 +0000] "GET /api/coupons" 304 1.798 ms
::1 - [03/Jul/2026:15:14:36 +0000] "GET /api/coupons" 304 1.957 ms
::1 - [03/Jul/2026:16:04:51 +0000] "GET /api/coupons" 304 3.374 ms
::1 - [03/Jul/2026:16:04:51 +0000] "GET /api/coupons" 304 4.805 ms
::1 - [03/Jul/2026:16:05:03 +0000] "POST /api/forget-password" 404 1.720 ms
::1 - [03/Jul/2026:16:05:52 +0000] "GET /api/coupons" 304 10.194 ms
::1 - [03/Jul/2026:16:05:52 +0000] "GET /api/coupons" 304 2.729 ms
::1 - [03/Jul/2026:16:05:54 +0000] "GET /api/coupons" 304 2.098 ms
::1 - [03/Jul/2026:16:05:54 +0000] "GET /api/coupons" 304 2.808 ms
::1 - [03/Jul/2026:16:06:16 +0000] "POST /api/forget-password" 200 8054.774 ms
::1 - [03/Jul/2026:16:06:43 +0000] "POST /api/verify-otp" 200 0.534 ms
::1 - [03/Jul/2026:16:14:20 +0000] "GET /api/coupons" 304 5.601 ms
::1 - [03/Jul/2026:16:14:20 +0000] "GET /api/coupons" 304 2.725 ms
::1 - [03/Jul/2026:16:14:28 +0000] "GET /api/profile" 403 95.673 ms
::1 - [03/Jul/2026:16:14:28 +0000] "GET /api/profile" 403 7.015 ms
::1 - [03/Jul/2026:16:23:28 +0000] "GET /api/coupons" 304 2.907 ms
::1 - [03/Jul/2026:16:23:28 +0000] "GET /api/coupons" 304 2.078 ms
::1 - [03/Jul/2026:16:23:39 +0000] "GET /api/coupons" 304 2.700 ms
::1 - [03/Jul/2026:16:23:39 +0000] "GET /api/coupons" 304 3.261 ms
::1 - [03/Jul/2026:16:23:41 +0000] "GET /api/coupons" 304 2.776 ms
::1 - [03/Jul/2026:16:23:41 +0000] "GET /api/coupons" 304 2.266 ms
::1 - [03/Jul/2026:16:23:44 +0000] "GET /api/coupons" 304 18.367 ms
::1 - [03/Jul/2026:16:23:44 +0000] "GET /api/coupons" 304 1.354 ms
